Arguments: 
  /usr/local/bin/node /usr/local/Cellar/yarn/1.22.17_2/libexec/bin/yarn.js install --frozen-lockfile

PATH: 
  /Library/Frameworks/Python.framework/Versions/3.10/bin:/Library/Frameworks/Python.framework/Versions/3.9/bin:/Library/Frameworks/Python.framework/Versions/3.7/bin:/usr/local/bin:/usr/bin:/bin:/usr/sbin:/sbin:/Library/TeX/texbin:/usr/local/go/bin:/usr/local/share/dotnet:/opt/X11/bin:~/.dotnet/tools:/Library/Apple/usr/bin:/Library/Frameworks/Mono.framework/Versions/Current/Commands:/Library/Frameworks/Python.framework/Versions/3.10/bin:/Library/Frameworks/Python.framework/Versions/3.9/bin:/Library/Frameworks/Python.framework/Versions/3.7/bin

Yarn version: 
  1.22.17

Node version: 
  16.13.2

Platform: 
  darwin x64

Trace: 
  Error: getaddrinfo ENOTFOUND registry.yarnpkg.com
      at GetAddrInfoReqWrap.onlookup [as oncomplete] (node:dns:71:26)

npm manifest: 
  {
      "private": true,
      "scripts": {
          "prestart": "dotnet tool restore",
          "start": "cross-os start",
          "prebuild": "dotnet tool restore",
          "build": "dotnet fable ./src/Docs --outDir ./.fable-build && webpack"
      },
      "cross-os": {
          "start": {
              "darwin": "NODE_ENV=development dotnet fable watch ./src/Docs --outDir ./.fable-build --run webpack serve",
              "linux": "NODE_ENV=development dotnet fable watch ./src/Docs --outDir ./.fable-build --run webpack serve",
              "win32": "set NODE_ENV=development& dotnet fable watch ./src/Docs --outDir ./.fable-build --run webpack serve"
          }
      },
      "devDependencies": {
          "autoprefixer": "^10.4.0",
          "copy-webpack-plugin": "^9.0.1",
          "core-js": "^3.16.1",
          "cross-os": "^1.4.0",
          "css-loader": "^6.2.0",
          "cssnano": "^5.0.10",
          "dotenv-webpack": "^7.0.3",
          "graceful-fs": "^4.2.8",
          "html-webpack-plugin": "^5.3.2",
          "mini-css-extract-plugin": "^2.2.0",
          "postcss": "^8.3.11",
          "postcss-loader": "^6.2.0",
          "postcss-import": "^14.0.2",
          "react-dom": "^17.0.2",
          "remotedev": "^0.2.9",
          "resolve-url-loader": "^4.0.0",
          "style-loader": "^3.2.1",
          "source-map-loader": "^3.0.0",
          "webpack": "^5.49.0",
          "webpack-cli": "^4.7.2",
          "webpack-dev-server": "^4.3.1"
      },
      "dependencies": {
          "react": "^17.0.2",
          "tailwindcss": "^3.0.23",
          "daisyui": "^2.1.0",
          "@fortawesome/fontawesome-free": "^5.15.4"
      }
  }

yarn manifest: 
  No manifest

Lockfile: 
  No lockfile
